#
# There is insufficient memory for the Java Runtime Environment to continue.
# Native memory allocation (malloc) failed to allocate 189776 bytes. Error detail: Chunk::new
# Possible reasons:
#   The system is out of physical RAM or swap space
#   This process is running with CompressedOops enabled, and the Java Heap may be blocking the growth of the native heap
# Possible solutions:
#   Reduce memory load on the system
#   Increase physical memory or swap space
#   Check if swap backing store is full
#   Decrease Java heap size (-Xmx/-Xms)
#   Decrease number of Java threads
#   Decrease Java thread stack sizes (-Xss)
#   Set larger code cache with -XX:ReservedCodeCacheSize=
#   JVM is running with Unscaled Compressed Oops mode in which the Java heap is
#     placed in the first 4GB address space. The Java Heap base address is the
#     maximum limit for the native heap growth. Please use -XX:HeapBaseMinAddress
#     to set the Java Heap base and to place the Java Heap above 4GB virtual address.
# This output file may be truncated or incomplete.
#
#  Out of Memory Error (arena.cpp:168), pid=18496, tid=33796
#
# JRE version: OpenJDK Runtime Environment Temurin-21.0.9+10 (21.0.9+10) (build 21.0.9+10-LTS)
# Java VM: OpenJDK 64-Bit Server VM Temurin-21.0.9+10 (21.0.9+10-LTS, mixed mode, sharing, tiered, compressed oops, compressed class ptrs, parallel gc, windows-amd64)
# No core dump will be written. Minidumps are not enabled by default on client versions of Windows
#

---------------  S U M M A R Y ------------

Command Line: --add-modules=ALL-SYSTEM --add-opens=java.base/java.util=ALL-UNNAMED --add-opens=java.base/java.lang=ALL-UNNAMED --add-opens=java.base/sun.nio.fs=ALL-UNNAMED -Declipse.application=org.eclipse.jdt.ls.core.id1 -Dosgi.bundles.defaultStartLevel=4 -Declipse.product=org.eclipse.jdt.ls.core.product -Djava.import.generatesMetadataFilesAtProjectRoot=false -DDetectVMInstallationsJob.disabled=true -Dfile.encoding=utf8 -XX:+UseParallelGC -XX:GCTimeRatio=4 -XX:AdaptiveSizePolicyWeight=90 -Dsun.zip.disableMemoryMapping=true -Xmx2G -Xms100m -Xlog:disable -javaagent:c:\Users\shubh\.antigravity\extensions\redhat.java-1.50.0-win32-x64\lombok\lombok-1.18.39-4050.jar c:\Users\shubh\.antigravity\extensions\redhat.java-1.50.0-win32-x64\server\plugins\org.eclipse.equinox.launcher_1.7.100.v20251111-0406.jar -configuration c:\Users\shubh\AppData\Roaming\Antigravity\User\globalStorage\redhat.java\1.50.0\config_ss_win -data c:\Users\shubh\AppData\Roaming\Antigravity\User\workspaceStorage\000d4f2edd2c995b9593a8bd40713a8a\redhat.java\ss_ws --pipe=\\.\pipe\lsp-c6633263dd658df63ba127ed1545a612-sock

Host: 11th Gen Intel(R) Core(TM) i5-1135G7 @ 2.40GHz, 8 cores, 15G,  Windows 11 , 64 bit Build 26100 (10.0.26100.6725)
Time: Sat Nov 29 10:44:49 2025 India Standard Time elapsed time: 0.846998 seconds (0d 0h 0m 0s)

---------------  T H R E A D  ---------------

Current thread (0x0000027493d7cf20):  JavaThread "C2 CompilerThread0" daemon [_thread_in_native, id=33796, stack(0x000000c473c00000,0x000000c473d00000) (1024K)]


Current CompileTask:
C2:847  520 %     4       lombok.launch.PackageShader::apply @ 76 (252 bytes)

Stack: [0x000000c473c00000,0x000000c473d00000]
Native frames: (J=compiled Java code, j=interpreted, Vv=VM code, C=native code)
V  [jvm.dll+0x6d6e29]
V  [jvm.dll+0x8b4b76]
V  [jvm.dll+0x8b712e]
V  [jvm.dll+0x8b7813]
V  [jvm.dll+0x283d86]
V  [jvm.dll+0xc66ed]
V  [jvm.dll+0xc6c31]
V  [jvm.dll+0x2facee]
V  [jvm.dll+0x5fde44]
V  [jvm.dll+0x255557]
V  [jvm.dll+0x25591d]
V  [jvm.dll+0x24df40]
V  [jvm.dll+0x24b482]
V  [jvm.dll+0x1cb13e]
V  [jvm.dll+0x25b29d]
V  [jvm.dll+0x25982a]
V  [jvm.dll+0x3f7ea6]
V  [jvm.dll+0x85e9ad]
V  [jvm.dll+0x6d565d]
C  [ucrtbase.dll+0x37b0]
C  [KERNEL32.DLL+0x2e8d7]
C  [ntdll.dll+0x8c53c]


---------------  P R O C E S S  ---------------

Threads class SMR info:
_java_thread_list=0x00000274d6950060, length=12, elements={
0x00000274fb3cd600, 0x0000027493d6fd50, 0x0000027493d74290, 0x0000027493d77f70,
0x0000027493d7ac50, 0x0000027493d7b6a0, 0x0000027493d7c0f0, 0x0000027493d7cf20,
0x00000274d67b51b0, 0x00000274d69aa840, 0x00000274d6a704c0, 0x00000274d69b1e80
}

Java Threads: ( => current thread )
  0x00000274fb3cd600 JavaThread "main"                              [_thread_in_vm, id=17324, stack(0x000000c473200000,0x000000c473300000) (1024K)]
  0x0000027493d6fd50 JavaThread "Reference Handler"          daemon [_thread_blocked, id=7672, stack(0x000000c473600000,0x000000c473700000) (1024K)]
  0x0000027493d74290 JavaThread "Finalizer"                  daemon [_thread_blocked, id=24348, stack(0x000000c473700000,0x000000c473800000) (1024K)]
  0x0000027493d77f70 JavaThread "Signal Dispatcher"          daemon [_thread_blocked, id=31396, stack(0x000000c473800000,0x000000c473900000) (1024K)]
  0x0000027493d7ac50 JavaThread "Attach Listener"            daemon [_thread_blocked, id=29288, stack(0x000000c473900000,0x000000c473a00000) (1024K)]
  0x0000027493d7b6a0 JavaThread "Service Thread"             daemon [_thread_blocked, id=19748, stack(0x000000c473a00000,0x000000c473b00000) (1024K)]
  0x0000027493d7c0f0 JavaThread "Monitor Deflation Thread"   daemon [_thread_blocked, id=12984, stack(0x000000c473b00000,0x000000c473c00000) (1024K)]
=>0x0000027493d7cf20 JavaThread "C2 CompilerThread0"         daemon [_thread_in_native, id=33796, stack(0x000000c473c00000,0x000000c473d00000) (1024K)]
  0x00000274d67b51b0 JavaThread "C1 CompilerThread0"         daemon [_thread_blocked, id=3740, stack(0x000000c473d00000,0x000000c473e00000) (1024K)]
  0x00000274d69aa840 JavaThread "Common-Cleaner"             daemon [_thread_blocked, id=11948, stack(0x000000c473e00000,0x000000c473f00000) (1024K)]
  0x00000274d6a704c0 JavaThread "Notification Thread"        daemon [_thread_new, id=30712, stack(0x000000c473f00000,0x000000c474000000) (1024K)]
  0x00000274d69b1e80 JavaThread "C2 CompilerThread1"         daemon [_thread_in_vm, id=39908, stack(0x000000c474000000,0x000000c474100000) (1024K)]
Total: 12

Other Threads:
  0x00000274fb48ebe0 VMThread "VM Thread"                           [id=34312, stack(0x000000c473500000,0x000000c473600000) (1024K)]
  0x00000274fb43b390 WatcherThread "VM Periodic Task Thread"        [id=11272, stack(0x000000c473400000,0x000000c473500000) (1024K)]
  0x00000274fb3ed530 WorkerThread "GC Thread#0"                     [id=6160, stack(0x000000c473300000,0x000000c473400000) (1024K)]
Total: 3

Threads with active compile tasks:
C2 CompilerThread0  894  520 %     4       lombok.launch.PackageShader::apply @ 76 (252 bytes)
C2 CompilerThread1  894  524 %     4       java.lang.StringLatin1::replace @ 57 (198 bytes)
Total: 2

VM state: not at safepoint (normal execution)

VM Mutex/Monitor currently owned by a thread: None

Heap address: 0x0000000080000000, size: 2048 MB, Compressed Oops mode: 32-bit

CDS archive(s) mapped at: [0x0000027494000000-0x0000027494ba0000-0x0000027494ba0000), size 12189696, SharedBaseAddress: 0x0000027494000000, ArchiveRelocationMode: 1.
Compressed class space mapped at: 0x0000027495000000-0x00000274d5000000, reserved size: 1073741824
Narrow klass base: 0x0000027494000000, Narrow klass shift: 0, Narrow klass range: 0x100000000

GC Precious Log:
 CardTable entry size: 512
 CPUs: 8 total, 8 available
 Memory: 16149M
 Large Page Support: Disabled
 NUMA Support: Disabled
 Compressed Oops: Enabled (32-bit)
 Alignments: Space 512K, Generation 512K, Heap 2M
 Heap Min Capacity: 100M
 Heap Initial Capacity: 100M
 Heap Max Capacity: 2G
 Pre-touch: Disabled
 Parallel Workers: 8

Heap:
 PSYoungGen      total 29696K, used 10260K [0x00000000d5580000, 0x00000000d7680000, 0x0000000100000000)
  eden space 25600K, 40% used [0x00000000d5580000,0x00000000d5f853b8,0x00000000d6e80000)
  from space 4096K, 0% used [0x00000000d7280000,0x00000000d7280000,0x00000000d7680000)
  to   space 4096K, 0% used [0x00000000d6e80000,0x00000000d6e80000,0x00000000d7280000)
 ParOldGen       total 68608K, used 0K [0x0000000080000000, 0x0000000084300000, 0x00000000d5580000)
  object space 68608K, 0% used [0x0000000080000000,0x0000000080000000,0x0000000084300000)
 Metaspace       used 1226K, committed 1472K, reserved 1114112K
  class space    used 119K, committed 256K, reserved 1048576K

Card table byte_map: [0x000002748f0f0000,0x000002748f500000] _byte_map_base: 0x000002748ecf0000

Marking Bits: (ParMarkBitMap*) 0x00007ffa2d262460
 Begin Bits: [0x000002748f7b0000, 0x00000274917b0000)
 End Bits:   [0x00000274917b0000, 0x00000274937b0000)

Polling page: 0x00000274fb7b0000

Metaspace:

Usage:
  Non-class:      1.08 MB used.
      Class:    119.96 KB used.
       Both:      1.20 MB used.

Virtual space:
  Non-class space:       64.00 MB reserved,       1.19 MB (  2%) committed,  1 nodes.
      Class space:        1.00 GB reserved,     256.00 KB ( <1%) committed,  1 nodes.
             Both:        1.06 GB reserved,       1.44 MB ( <1%) committed. 

Chunk freelists:
   Non-Class:  11.66 MB
       Class:  15.67 MB
        Both:  27.33 MB

MaxMetaspaceSize: unlimited
CompressedClassSpaceSize: 1.00 GB
Initial GC threshold: 21.00 MB
Current GC threshold: 21.00 MB
CDS: on
 - commit_granule_bytes: 65536.
 - commit_granule_words: 8192.
 - virtual_space_node_default_size: 8388608.
 - enlarge_chunks_in_place: 1.
 - use_allocation_guard: 0.


Internal statistics:

num_allocs_failed_limit: 0.
num_arena_births: 74.
num_arena_deaths: 0.
num_vsnodes_births: 2.
num_vsnodes_deaths: 0.
num_space_committed: 23.
num_space_uncommitted: 0.
num_chunks_returned_to_freelist: 0.
num_chunks_taken_from_freelist: 96.
num_chunk_merges: 0.
num_chunk_splits: 67.
num_chunks_enlarged: 43.
num_inconsistent_stats: 0.

CodeHeap 'non-profiled nmethods': size=120000Kb used=173Kb max_used=173Kb free=119826Kb
 bounds [0x0000027487ad0000, 0x0000027487d40000, 0x000002748f000000]
CodeHeap 'profiled nmethods': size=120000Kb used=791Kb max_used=791Kb free=119208Kb
 bounds [0x0000027480000000, 0x0000027480270000, 0x0000027487530000]
CodeHeap 'non-nmethods': size=5760Kb used=1164Kb max_used=1173Kb free=4595Kb
 bounds [0x0000027487530000, 0x00000274877a0000, 0x0000027487ad0000]
CodeCache: size=245760Kb, used=2128Kb, max_used=2137Kb, free=243629Kb
 total_blobs=959, nmethods=557, adapters=309, full_count=0
Compilation: enabled, stopped_count=0, restarted_count=0

Compilation events (20 events):
Event: 0.823 Thread 0x00000274d67b51b0  516   !   3       java.io.WinNTFileSystem::getBooleanAttributes (27 bytes)
Event: 0.823 Thread 0x00000274d67b51b0 nmethod 516 0x00000274800ace90 code [0x00000274800ad060, 0x00000274800ad278]
Event: 0.824 Thread 0x00000274d67b51b0  517   !   3       java.io.WinNTFileSystem::resolve (362 bytes)
Event: 0.829 Thread 0x00000274d67b51b0 nmethod 517 0x00000274800ad390 code [0x00000274800adb40, 0x00000274800b1438]
Event: 0.829 Thread 0x00000274d67b51b0  519       1       java.net.URL::getUserInfo (5 bytes)
Event: 0.829 Thread 0x00000274d67b51b0 nmethod 519 0x0000027487afa190 code [0x0000027487afa320, 0x0000027487afa3e8]
Event: 0.831 Thread 0x0000027493d7cf20  520 %     4       lombok.launch.PackageShader::apply @ 76 (252 bytes)
Event: 0.832 Thread 0x00000274d67b51b0  521       3       java.lang.StringLatin1::indexOf (121 bytes)
Event: 0.833 Thread 0x00000274d67b51b0 nmethod 521 0x00000274800b2c10 code [0x00000274800b2e00, 0x00000274800b32b8]
Event: 0.833 Thread 0x00000274d67b51b0  522       3       java.util.ArrayList::iterator (9 bytes)
Event: 0.833 Thread 0x00000274d67b51b0 nmethod 522 0x00000274800b3510 code [0x00000274800b36c0, 0x00000274800b3918]
Event: 0.833 Thread 0x00000274d67b51b0  523       3       java.util.ArrayList$Itr::<init> (26 bytes)
Event: 0.833 Thread 0x00000274d67b51b0 nmethod 523 0x00000274800b3a10 code [0x00000274800b3bc0, 0x00000274800b3d58]
Event: 0.834 Thread 0x00000274d67b51b0  525       3       java.util.WeakHashMap::maskNull (12 bytes)
Event: 0.834 Thread 0x00000274d67b51b0 nmethod 525 0x00000274800b3e90 code [0x00000274800b4020, 0x00000274800b4158]
Event: 0.835 Thread 0x00000274d67b51b0  526       3       java.util.WeakHashMap::hash (28 bytes)
Event: 0.835 Thread 0x00000274d67b51b0 nmethod 526 0x00000274800b4210 code [0x00000274800b43c0, 0x00000274800b45b8]
Event: 0.835 Thread 0x00000274d67b51b0  527       1       java.net.URLConnection::getUseCaches (5 bytes)
Event: 0.835 Thread 0x00000274d67b51b0 nmethod 527 0x0000027487afa490 code [0x0000027487afa620, 0x0000027487afa6f0]
Event: 0.842 Thread 0x00000274d67b51b0  528       3       java.util.HashMap::putVal (300 bytes)

GC Heap History (0 events):
No events

Dll operation events (8 events):
Event: 0.039 Loaded shared library c:\Users\shubh\.antigravity\extensions\redhat.java-1.50.0-win32-x64\jre\21.0.9-win32-x86_64\bin\java.dll
Event: 0.240 Loaded shared library c:\Users\shubh\.antigravity\extensions\redhat.java-1.50.0-win32-x64\jre\21.0.9-win32-x86_64\bin\zip.dll
Event: 0.305 Loaded shared library C:\Users\shubh\.antigravity\extensions\redhat.java-1.50.0-win32-x64\jre\21.0.9-win32-x86_64\bin\instrument.dll
Event: 0.370 Loaded shared library C:\Users\shubh\.antigravity\extensions\redhat.java-1.50.0-win32-x64\jre\21.0.9-win32-x86_64\bin\net.dll
Event: 0.375 Loaded shared library C:\Users\shubh\.antigravity\extensions\redhat.java-1.50.0-win32-x64\jre\21.0.9-win32-x86_64\bin\nio.dll
Event: 0.382 Loaded shared library C:\Users\shubh\.antigravity\extensions\redhat.java-1.50.0-win32-x64\jre\21.0.9-win32-x86_64\bin\zip.dll
Event: 0.411 Loaded shared library C:\Users\shubh\.antigravity\extensions\redhat.java-1.50.0-win32-x64\jre\21.0.9-win32-x86_64\bin\jimage.dll
Event: 0.632 Loaded shared library c:\Users\shubh\.antigravity\extensions\redhat.java-1.50.0-win32-x64\jre\21.0.9-win32-x86_64\bin\verify.dll

Deoptimization events (20 events):
Event: 0.389 Thread 0x00000274fb3cd600 DEOPT PACKING pc=0x0000027487adf874 sp=0x000000c4732fe480
Event: 0.389 Thread 0x00000274fb3cd600 DEOPT UNPACKING pc=0x0000027487586da2 sp=0x000000c4732fe3d0 mode 2
Event: 0.420 Thread 0x00000274fb3cd600 DEOPT PACKING pc=0x0000027480038fc9 sp=0x000000c4732fe250
Event: 0.420 Thread 0x00000274fb3cd600 DEOPT UNPACKING pc=0x00000274875878e2 sp=0x000000c4732fd6d8 mode 0
Event: 0.421 Thread 0x00000274fb3cd600 DEOPT PACKING pc=0x0000027480038fc9 sp=0x000000c4732fe250
Event: 0.421 Thread 0x00000274fb3cd600 DEOPT UNPACKING pc=0x00000274875878e2 sp=0x000000c4732fd6d8 mode 0
Event: 0.422 Thread 0x00000274fb3cd600 DEOPT PACKING pc=0x0000027480038fc9 sp=0x000000c4732fe250
Event: 0.422 Thread 0x00000274fb3cd600 DEOPT UNPACKING pc=0x00000274875878e2 sp=0x000000c4732fd6d8 mode 0
Event: 0.422 Thread 0x00000274fb3cd600 DEOPT PACKING pc=0x0000027480038fc9 sp=0x000000c4732fe250
Event: 0.422 Thread 0x00000274fb3cd600 DEOPT UNPACKING pc=0x00000274875878e2 sp=0x000000c4732fd6d8 mode 0
Event: 0.423 Thread 0x00000274fb3cd600 DEOPT PACKING pc=0x0000027480038fc9 sp=0x000000c4732fe250
Event: 0.423 Thread 0x00000274fb3cd600 DEOPT UNPACKING pc=0x00000274875878e2 sp=0x000000c4732fd6d8 mode 0
Event: 0.424 Thread 0x00000274fb3cd600 DEOPT PACKING pc=0x0000027480038fc9 sp=0x000000c4732fe250
Event: 0.424 Thread 0x00000274fb3cd600 DEOPT UNPACKING pc=0x00000274875878e2 sp=0x000000c4732fd6d8 mode 0
Event: 0.424 Thread 0x00000274fb3cd600 DEOPT PACKING pc=0x0000027480038fc9 sp=0x000000c4732fe250
Event: 0.424 Thread 0x00000274fb3cd600 DEOPT UNPACKING pc=0x00000274875878e2 sp=0x000000c4732fd6d8 mode 0
Event: 0.837 Thread 0x00000274fb3cd600 Uncommon trap: trap_request=0xffffff45 fr.pc=0x0000027487adf8b8 relative=0x0000000000000618
Event: 0.837 Thread 0x00000274fb3cd600 Uncommon trap: reason=unstable_if action=reinterpret pc=0x0000027487adf8b8 method=java.util.HashMap.putVal(ILjava/lang/Object;Ljava/lang/Object;ZZ)Ljava/lang/Object; @ 69 c2
Event: 0.837 Thread 0x00000274fb3cd600 DEOPT PACKING pc=0x0000027487adf8b8 sp=0x000000c4732fe0e0
Event: 0.837 Thread 0x00000274fb3cd600 DEOPT UNPACKING pc=0x0000027487586da2 sp=0x000000c4732fe050 mode 2

Classes loaded (20 events):
Event: 0.530 Loading class java/lang/foreign/MemorySegment$Scope done
Event: 0.530 Loading class jdk/internal/foreign/MemorySessionImpl done
Event: 0.647 Loading class java/lang/IllegalAccessException
Event: 0.647 Loading class java/lang/IllegalAccessException done
Event: 0.657 Loading class java/lang/IllegalStateException
Event: 0.657 Loading class java/lang/IllegalStateException done
Event: 0.666 Loading class java/lang/instrument/ClassFileTransformer
Event: 0.666 Loading class java/lang/instrument/ClassFileTransformer done
Event: 0.673 Loading class java/lang/UnsupportedOperationException
Event: 0.673 Loading class java/lang/UnsupportedOperationException done
Event: 0.699 Loading class java/lang/instrument/UnmodifiableClassException
Event: 0.699 Loading class java/lang/instrument/UnmodifiableClassException done
Event: 0.699 Loading class java/lang/instrument/ClassDefinition
Event: 0.699 Loading class java/lang/instrument/ClassDefinition done
Event: 0.707 Loading class java/lang/invoke/WrongMethodTypeException
Event: 0.707 Loading class java/lang/invoke/WrongMethodTypeException done
Event: 0.744 Loading class java/util/regex/Pattern$Loop
Event: 0.744 Loading class java/util/regex/Pattern$Loop done
Event: 0.744 Loading class java/util/regex/Pattern$Prolog
Event: 0.744 Loading class java/util/regex/Pattern$Prolog done

Classes unloaded (0 events):
No events

Classes redefined (0 events):
No events

Internal exceptions (11 events):
Event: 0.232 Thread 0x00000274fb3cd600 Exception <a 'java/lang/NoSuchMethodError'{0x00000000d57a94d0}: 'void java.lang.invoke.DirectMethodHandle$Holder.invokeStatic(java.lang.Object, java.lang.Object, java.lang.Object)'> (0x00000000d57a94d0) 
thrown [s\src\hotspot\share\interpreter\linkResolver.cpp, line 773]
Event: 0.400 Thread 0x00000274fb3cd600 Exception <a 'java/lang/NoSuchMethodError'{0x00000000d5912de0}: 'java.lang.Object java.lang.invoke.Invokers$Holder.invokeExact_MT(java.lang.Object, java.lang.Object, java.lang.Object, java.lang.Object, java.lang.Object)'> (0x00000000d5912de0) 
thrown [s\src\hotspot\share\interpreter\linkResolver.cpp, line 773]
Event: 0.486 Thread 0x00000274fb3cd600 Exception <a 'java/lang/NoSuchMethodError'{0x00000000d59cbdc8}: 'int java.lang.invoke.DirectMethodHandle$Holder.invokeSpecial(java.lang.Object, java.lang.Object, java.lang.Object, int)'> (0x00000000d59cbdc8) 
thrown [s\src\hotspot\share\interpreter\linkResolver.cpp, line 773]
Event: 0.490 Thread 0x00000274fb3cd600 Exception <a 'java/lang/NoSuchMethodError'{0x00000000d59de7b0}: 'java.lang.Object java.lang.invoke.DirectMethodHandle$Holder.invokeStatic(java.lang.Object, java.lang.Object, java.lang.Object, java.lang.Object, int)'> (0x00000000d59de7b0) 
thrown [s\src\hotspot\share\interpreter\linkResolver.cpp, line 773]
Event: 0.492 Thread 0x00000274fb3cd600 Exception <a 'java/lang/NoSuchMethodError'{0x00000000d59e9bf0}: 'void java.lang.invoke.DelegatingMethodHandle$Holder.reinvoke_L(java.lang.Object, java.lang.Object, java.lang.Object, int, java.lang.Object)'> (0x00000000d59e9bf0) 
thrown [s\src\hotspot\share\interpreter\linkResolver.cpp, line 773]
Event: 0.512 Thread 0x00000274fb3cd600 Exception <a 'java/lang/NoSuchMethodError'{0x00000000d59fa540}: 'int java.lang.invoke.DirectMethodHandle$Holder.invokeSpecial(java.lang.Object, java.lang.Object, java.lang.Object)'> (0x00000000d59fa540) 
thrown [s\src\hotspot\share\interpreter\linkResolver.cpp, line 773]
Event: 0.516 Thread 0x00000274fb3cd600 Exception <a 'java/lang/NoSuchMethodError'{0x00000000d5a06200}: 'java.lang.Object java.lang.invoke.DirectMethodHandle$Holder.invokeStatic(java.lang.Object, java.lang.Object, int)'> (0x00000000d5a06200) 
thrown [s\src\hotspot\share\interpreter\linkResolver.cpp, line 773]
Event: 0.517 Thread 0x00000274fb3cd600 Exception <a 'java/lang/NoSuchMethodError'{0x00000000d5a0ab50}: 'void java.lang.invoke.DirectMethodHandle$Holder.invokeStatic(java.lang.Object, java.lang.Object, int, java.lang.Object)'> (0x00000000d5a0ab50) 
thrown [s\src\hotspot\share\interpreter\linkResolver.cpp, line 773]
Event: 0.517 Thread 0x00000274fb3cd600 Exception <a 'java/lang/NoSuchMethodError'{0x00000000d5a0e6e0}: 'void java.lang.invoke.DirectMethodHandle$Holder.invokeSpecial(java.lang.Object, java.lang.Object, java.lang.Object, int, java.lang.Object)'> (0x00000000d5a0e6e0) 
thrown [s\src\hotspot\share\interpreter\linkResolver.cpp, line 773]
Event: 0.518 Thread 0x00000274fb3cd600 Exception <a 'java/lang/NoSuchMethodError'{0x00000000d5a11b50}: 'void java.lang.invoke.DelegatingMethodHandle$Holder.delegate(java.lang.Object, java.lang.Object, int, java.lang.Object)'> (0x00000000d5a11b50) 
thrown [s\src\hotspot\share\interpreter\linkResolver.cpp, line 773]
Event: 0.704 Thread 0x00000274fb3cd600 Exception <a 'java/lang/NoSuchMethodError'{0x00000000d5bd30e8}: 'void java.lang.invoke.DelegatingMethodHandle$Holder.reinvoke_L(java.lang.Object, java.lang.Object, java.lang.Object, int)'> (0x00000000d5bd30e8) 
thrown [s\src\hotspot\share\interpreter\linkResolver.cpp, line 773]

ZGC Phase Switch (0 events):
No events

VM Operations (4 events):
Event: 0.238 Executing VM operation: HandshakeAllThreads (Deoptimize)
Event: 0.238 Executing VM operation: HandshakeAllThreads (Deoptimize) done
Event: 0.437 Executing VM operation: HandshakeAllThreads (Deoptimize)
Event: 0.437 Executing VM operation: HandshakeAllThreads (Deoptimize) done

Memory protections (0 events):
No events

Nmethod flushes (0 events):
No events

Events (10 events):
Event: 0.084 Thread 0x00000274fb3cd600 Thread added: 0x00000274fb3cd600
Event: 0.126 Thread 0x00000274fb3cd600 Thread added: 0x0000027493d6fd50
Event: 0.126 Thread 0x00000274fb3cd600 Thread added: 0x0000027493d74290
Event: 0.126 Thread 0x00000274fb3cd600 Thread added: 0x0000027493d77f70
Event: 0.127 Thread 0x00000274fb3cd600 Thread added: 0x0000027493d7ac50
Event: 0.127 Thread 0x00000274fb3cd600 Thread added: 0x0000027493d7b6a0
Event: 0.127 Thread 0x00000274fb3cd600 Thread added: 0x0000027493d7c0f0
Event: 0.127 Thread 0x00000274fb3cd600 Thread added: 0x0000027493d7cf20
Event: 0.133 Thread 0x00000274fb3cd600 Thread added: 0x00000274d67b51b0
Event: 0.310 Thread 0x00000274fb3cd600 Thread added: 0x00000274d69aa840


Dynamic libraries:
0x00007ff7c8cf0000 - 0x00007ff7c8cfe000 	c:\Users\shubh\.antigravity\extensions\redhat.java-1.50.0-win32-x64\jre\21.0.9-win32-x86_64\bin\java.exe
0x00007ffb05140000 - 0x00007ffb053a8000 	C:\WINDOWS\SYSTEM32\ntdll.dll
0x00007ffb03fc0000 - 0x00007ffb04089000 	C:\WINDOWS\System32\KERNEL32.DLL
0x00007ffb024f0000 - 0x00007ffb028e2000 	C:\WINDOWS\System32\KERNELBASE.dll
0x00007ffb02be0000 - 0x00007ffb02d2b000 	C:\WINDOWS\System32\ucrtbase.dll
0x00007ffaef340000 - 0x00007ffaef358000 	c:\Users\shubh\.antigravity\extensions\redhat.java-1.50.0-win32-x64\jre\21.0.9-win32-x86_64\bin\jli.dll
0x00007ffb045e0000 - 0x00007ffb047a5000 	C:\WINDOWS\System32\USER32.dll
0x00007ffb02bb0000 - 0x00007ffb02bd7000 	C:\WINDOWS\System32\win32u.dll
0x00007ffb02fd0000 - 0x00007ffb02ffb000 	C:\WINDOWS\System32\GDI32.dll
0x00007ffaef360000 - 0x00007ffaef37e000 	c:\Users\shubh\.antigravity\extensions\redhat.java-1.50.0-win32-x64\jre\21.0.9-win32-x86_64\bin\VCRUNTIME140.dll
0x00007ffb02de0000 - 0x00007ffb02f0d000 	C:\WINDOWS\System32\gdi32full.dll
0x00007ffb02d30000 - 0x00007ffb02dd3000 	C:\WINDOWS\System32\msvcp_win.dll
0x00007ffae6680000 - 0x00007ffae6913000 	C:\WINDOWS\WinSxS\amd64_microsoft.windows.common-controls_6595b64144ccf1df_6.0.26100.6725_none_3e085828e334708b\COMCTL32.dll
0x00007ffb05050000 - 0x00007ffb050f9000 	C:\WINDOWS\System32\msvcrt.dll
0x00007ffb03f80000 - 0x00007ffb03faf000 	C:\WINDOWS\System32\IMM32.DLL
0x00007ffafa470000 - 0x00007ffafa47c000 	c:\Users\shubh\.antigravity\extensions\redhat.java-1.50.0-win32-x64\jre\21.0.9-win32-x86_64\bin\vcruntime140_1.dll
0x00007ffaa8820000 - 0x00007ffaa88ad000 	c:\Users\shubh\.antigravity\extensions\redhat.java-1.50.0-win32-x64\jre\21.0.9-win32-x86_64\bin\msvcp140.dll
0x00007ffa2c5a0000 - 0x00007ffa2d340000 	c:\Users\shubh\.antigravity\extensions\redhat.java-1.50.0-win32-x64\jre\21.0.9-win32-x86_64\bin\server\jvm.dll
0x00007ffb02f10000 - 0x00007ffb02fc4000 	C:\WINDOWS\System32\ADVAPI32.dll
0x00007ffb03550000 - 0x00007ffb035f6000 	C:\WINDOWS\System32\sechost.dll
0x00007ffb043c0000 - 0x00007ffb044d8000 	C:\WINDOWS\System32\RPCRT4.dll
0x00007ffb042f0000 - 0x00007ffb04364000 	C:\WINDOWS\System32\WS2_32.dll
0x00007ffb02130000 - 0x00007ffb0218e000 	C:\WINDOWS\SYSTEM32\POWRPROF.dll
0x00007ffaf78b0000 - 0x00007ffaf78e5000 	C:\WINDOWS\SYSTEM32\WINMM.dll
0x00007ffaf0b80000 - 0x00007ffaf0b8b000 	C:\WINDOWS\SYSTEM32\VERSION.dll
0x00007ffb02110000 - 0x00007ffb02124000 	C:\WINDOWS\SYSTEM32\UMPDC.dll
0x00007ffb010a0000 - 0x00007ffb010bb000 	C:\WINDOWS\SYSTEM32\kernel.appcore.dll
0x00007ffaef300000 - 0x00007ffaef30a000 	c:\Users\shubh\.antigravity\extensions\redhat.java-1.50.0-win32-x64\jre\21.0.9-win32-x86_64\bin\jimage.dll
0x00007ffaffba0000 - 0x00007ffaffde2000 	C:\WINDOWS\SYSTEM32\DBGHELP.DLL
0x00007ffb047b0000 - 0x00007ffb04b2b000 	C:\WINDOWS\System32\combase.dll
0x00007ffb04f60000 - 0x00007ffb05037000 	C:\WINDOWS\System32\OLEAUT32.dll
0x00007ffadaec0000 - 0x00007ffadaefc000 	C:\WINDOWS\SYSTEM32\dbgcore.DLL
0x00007ffb02450000 - 0x00007ffb024e8000 	C:\WINDOWS\System32\bcryptPrimitives.dll
0x00007ffaeecb0000 - 0x00007ffaeecbf000 	c:\Users\shubh\.antigravity\extensions\redhat.java-1.50.0-win32-x64\jre\21.0.9-win32-x86_64\bin\instrument.dll
0x00007ffaeec90000 - 0x00007ffaeecb0000 	c:\Users\shubh\.antigravity\extensions\redhat.java-1.50.0-win32-x64\jre\21.0.9-win32-x86_64\bin\java.dll
0x00007ffb03830000 - 0x00007ffb03f7c000 	C:\WINDOWS\System32\SHELL32.dll
0x00007ffb029b0000 - 0x00007ffb02b1b000 	C:\WINDOWS\System32\wintypes.dll
0x00007ffaffef0000 - 0x00007ffb0074d000 	C:\WINDOWS\SYSTEM32\windows.storage.dll
0x00007ffb044e0000 - 0x00007ffb045d2000 	C:\WINDOWS\System32\SHCORE.dll
0x00007ffb04b70000 - 0x00007ffb04bd2000 	C:\WINDOWS\System32\shlwapi.dll
0x00007ffb021f0000 - 0x00007ffb02219000 	C:\WINDOWS\SYSTEM32\profapi.dll
0x00007ffaeec10000 - 0x00007ffaeec28000 	c:\Users\shubh\.antigravity\extensions\redhat.java-1.50.0-win32-x64\jre\21.0.9-win32-x86_64\bin\zip.dll
0x00007ffaeb390000 - 0x00007ffaeb3a0000 	C:\Users\shubh\.antigravity\extensions\redhat.java-1.50.0-win32-x64\jre\21.0.9-win32-x86_64\bin\net.dll
0x00007ffaf2280000 - 0x00007ffaf239f000 	C:\WINDOWS\SYSTEM32\WINHTTP.dll
0x00007ffb01610000 - 0x00007ffb0167b000 	C:\WINDOWS\system32\mswsock.dll
0x00007ffaeaee0000 - 0x00007ffaeaef6000 	C:\Users\shubh\.antigravity\extensions\redhat.java-1.50.0-win32-x64\jre\21.0.9-win32-x86_64\bin\nio.dll
0x00007ffaeb350000 - 0x00007ffaeb360000 	c:\Users\shubh\.antigravity\extensions\redhat.java-1.50.0-win32-x64\jre\21.0.9-win32-x86_64\bin\verify.dll

JVMTI agents:
c:\Users\shubh\.antigravity\extensions\redhat.java-1.50.0-win32-x64\lombok\lombok-1.18.39-4050.jar path:c:\Users\shubh\.antigravity\extensions\redhat.java-1.50.0-win32-x64\jre\21.0.9-win32-x86_64\bin\instrument.dll, loaded, initialized, instrumentlib options:none

dbghelp: loaded successfully - version: 4.0.5 - missing functions: none
symbol engine: initialized successfully - sym options: 0x614 - pdb path: .;c:\Users\shubh\.antigravity\extensions\redhat.java-1.50.0-win32-x64\jre\21.0.9-win32-x86_64\bin;C:\WINDOWS\SYSTEM32;C:\WINDOWS\WinSxS\amd64_microsoft.windows.common-controls_6595b64144ccf1df_6.0.26100.6725_none_3e085828e334708b;c:\Users\shubh\.antigravity\extensions\redhat.java-1.50.0-win32-x64\jre\21.0.9-win32-x86_64\bin\server

VM Arguments:
jvm_args: --add-modules=ALL-SYSTEM --add-opens=java.base/java.util=ALL-UNNAMED --add-opens=java.base/java.lang=ALL-UNNAMED --add-opens=java.base/sun.nio.fs=ALL-UNNAMED -Declipse.application=org.eclipse.jdt.ls.core.id1 -Dosgi.bundles.defaultStartLevel=4 -Declipse.product=org.eclipse.jdt.ls.core.product -Djava.import.generatesMetadataFilesAtProjectRoot=false -DDetectVMInstallationsJob.disabled=true -Dfile.encoding=utf8 -XX:+UseParallelGC -XX:GCTimeRatio=4 -XX:AdaptiveSizePolicyWeight=90 -Dsun.zip.disableMemoryMapping=true -Xmx2G -Xms100m -Xlog:disable -javaagent:c:\Users\shubh\.antigravity\extensions\redhat.java-1.50.0-win32-x64\lombok\lombok-1.18.39-4050.jar 
java_command: c:\Users\shubh\.antigravity\extensions\redhat.java-1.50.0-win32-x64\server\plugins\org.eclipse.equinox.launcher_1.7.100.v20251111-0406.jar -configuration c:\Users\shubh\AppData\Roaming\Antigravity\User\globalStorage\redhat.java\1.50.0\config_ss_win -data c:\Users\shubh\AppData\Roaming\Antigravity\User\workspaceStorage\000d4f2edd2c995b9593a8bd40713a8a\redhat.java\ss_ws --pipe=\\.\pipe\lsp-c6633263dd658df63ba127ed1545a612-sock
java_class_path (initial): c:\Users\shubh\.antigravity\extensions\redhat.java-1.50.0-win32-x64\server\plugins\org.eclipse.equinox.launcher_1.7.100.v20251111-0406.jar
Launcher Type: SUN_STANDARD

[Global flags]
    uintx AdaptiveSizePolicyWeight                 = 90                                        {product} {command line}
     intx CICompilerCount                          = 4                                         {product} {ergonomic}
    uintx GCTimeRatio                              = 4                                         {product} {command line}
   size_t InitialHeapSize                          = 104857600                                 {product} {command line}
   size_t MaxHeapSize                              = 2147483648                                {product} {command line}
   size_t MaxNewSize                               = 715653120                                 {product} {ergonomic}
   size_t MinHeapDeltaBytes                        = 524288                                    {product} {ergonomic}
   size_t MinHeapSize                              = 104857600                                 {product} {command line}
   size_t NewSize                                  = 34603008                                  {product} {ergonomic}
    uintx NonNMethodCodeHeapSize                   = 5839372                                {pd product} {ergonomic}
    uintx NonProfiledCodeHeapSize                  = 122909434                              {pd product} {ergonomic}
   size_t OldSize                                  = 70254592                                  {product} {ergonomic}
    uintx ProfiledCodeHeapSize                     = 122909434                              {pd product} {ergonomic}
    uintx ReservedCodeCacheSize                    = 251658240                              {pd product} {ergonomic}
     bool SegmentedCodeCache                       = true                                      {product} {ergonomic}
   size_t SoftMaxHeapSize                          = 2147483648                             {manageable} {ergonomic}
     bool UseCompressedOops                        = true                           {product lp64_product} {ergonomic}
     bool UseLargePagesIndividualAllocation        = false                                  {pd product} {ergonomic}
     bool UseParallelGC                            = true                                      {product} {command line}

Logging:
Log output configuration:
 #0: stdout all=off uptime,level,tags foldmultilines=false
 #1: stderr all=off uptime,level,tags foldmultilines=false

Release file:
<release file has not been read>
Environment Variables:
JAVA_HOME=C:\Program Files\Java\jdk-18.0.1
PATH=C:\Python314\Scripts\;C:\Python314\;C:\Python310\Scripts\;C:\Python310\;C:\Program Files\Common Files\Oracle\Java\javapath;C:\Program Files (x86)\Common Files\Oracle\Java\java8path;C:\Program Files (x86)\Common Files\Oracle\Java\javapath;C:\windows\system32;C:\windows;C:\windows\System32\Wbem;C:\windows\System32\WindowsPowerShell\v1.0\;C:\windows\System32\OpenSSH\;C:\Program Files (x86)\NVIDIA Corporation\PhysX\Common;C:\Program Files\NVIDIA Corporation\NVIDIA NvDLISR;C:\TDM-GCC-32\bin;c:\TDM-GCC-32\bin;C:\MinGW\bin;C:\Program Files\Microsoft SQL Server\Client SDK\ODBC\170\Tools\Binn\;C:\Program Files (x86)\Microsoft SQL Server\150\Tools\Binn\;C:\Program Files\Microsoft SQL Server\150\Tools\Binn\;C:\Program Files\Microsoft SQL Server\150\DTS\Binn\;C:\Program Files\Azure Data Studio\bin;C:\Program Files\Java\jdk-18.0.1\BIN;C:\Program Files\Java\jdk-18\bin;C:\Program Files\Java\jdk-18.0.1\bin;C:\Program Files\nodejs;C:\ProgramData\chocolatey\bin;C:\WINDOWS\system32;C:\WINDOWS;C:\WINDOWS\System32\Wbem;C:\WINDOWS\System32\WindowsPowerShell\v1.0\;C:\WINDOWS\System32\OpenSSH\;C:\Program Files\Git\cmd;C:\Program Files\nodejs\;C:\ProgramData\chocolatey\lib\maven\apache-maven-3.9.11\bin;C:\Program Files\Java\jdk1.8.0_202\bin;C:\Users\shubh\.dotnet\tools;C:\Program Files\nodejs;C:\Users\shubh\AppData\Local\Programs\Microsoft VS Code\bin;C:\Users\shubh\AppData\Local\Microsoft\WindowsApps;C:\ProgramData\shubh\atom\bin;C:\Users\shubh\AppData\Local\Microsoft\WindowsApps;C:\Users\shubh\AppData\Local\Programs\cursor\resources\app\bin;C:\Users\shubh\AppData\Roaming\npm;C:\Users\shubh\AppData\Local\Programs\Antigravity\bin
USERNAME=shubh
OS=Windows_NT
PROCESSOR_IDENTIFIER=Intel64 Family 6 Model 140 Stepping 1, GenuineIntel
TMP=C:\Users\shubh\AppData\Local\Temp
TEMP=C:\Users\shubh\AppData\Local\Temp




Periodic native trim disabled

---------------  S Y S T E M  ---------------

OS:
 Windows 11 , 64 bit Build 26100 (10.0.26100.6725)
OS uptime: 9 days 21:44 hours
Hyper-V role detected

CPU: total 8 (initial active 8) (4 cores per cpu, 2 threads per core) family 6 model 140 stepping 1 microcode 0x9a, cx8, cmov, fxsr, ht, mmx, 3dnowpref, sse, sse2, sse3, ssse3, sse4.1, sse4.2, popcnt, lzcnt, tsc, tscinvbit, avx, avx2, aes, erms, clmul, bmi1, bmi2, adx, avx512f, avx512dq, avx512cd, avx512bw, avx512vl, sha, fma, vzeroupper, avx512_vpopcntdq, avx512_vpclmulqdq, avx512_vaes, avx512_vnni, clflush, clflushopt, clwb, avx512_vbmi2, avx512_vbmi, hv, rdtscp, rdpid, fsrm, gfni, avx512_bitalg, f16c, cet_ibt, cet_ss, avx512_ifma
Processor Information for the first 8 processors :
  Max Mhz: 2419, Current Mhz: 2419, Mhz Limit: 2419

Memory: 4k page, system-wide physical 16149M (2585M free)
TotalPageFile size 26329M (AvailPageFile size 0M)
current process WorkingSet (physical memory assigned to process): 48M, peak: 48M
current process commit charge ("private bytes"): 224M, peak: 224M

vm_info: OpenJDK 64-Bit Server VM (21.0.9+10-LTS) for windows-amd64 JRE (21.0.9+10-LTS), built on 2025-10-21T00:00:00Z by "admin" with unknown MS VC++:1942

END.
