#
# There is insufficient memory for the Java Runtime Environment to continue.
# Native memory allocation (malloc) failed to allocate 309616 bytes. Error detail: Chunk::new
# Possible reasons:
#   The system is out of physical RAM or swap space
#   This process is running with CompressedOops enabled, and the Java Heap may be blocking the growth of the native heap
# Possible solutions:
#   Reduce memory load on the system
#   Increase physical memory or swap space
#   Check if swap backing store is full
#   Decrease Java heap size (-Xmx/-Xms)
#
#  Out of Memory Error (arena.cpp:168), pid=35896, tid=11404
#
# JRE version: OpenJDK Runtime Environment Temurin-21.0.9+10 (21.0.9+10) (build 21.0.9+10-LTS)
# Java VM: OpenJDK 64-Bit Server VM Temurin-21.0.9+10 (21.0.9+10-LTS, mixed mode, sharing, tiered, compressed oops, compressed class ptrs, parallel gc, windows-amd64)
# No core dump will be written. Minidumps are not enabled by default on client versions of Windows
#

---------------  S U M M A R Y ------------

Command Line: --add-modules=ALL-SYSTEM --add-opens=java.base/java.util=ALL-UNNAMED --add-opens=java.base/java.lang=ALL-UNNAMED --add-opens=java.base/sun.nio.fs=ALL-UNNAMED -Declipse.application=org.eclipse.jdt.ls.core.id1 -Dosgi.bundles.defaultStartLevel=4 -Declipse.product=org.eclipse.jdt.ls.core.product -Djava.import.generatesMetadataFilesAtProjectRoot=false -DDetectVMInstallationsJob.disabled=true -Dfile.encoding=utf8 -XX:+UseParallelGC -XX:GCTimeRatio=4 -XX:AdaptiveSizePolicyWeight=90 -Dsun.zip.disableMemoryMapping=true -Xmx2G -Xms100m -Xlog:disable -javaagent:c:\Users\shubh\.antigravity\extensions\redhat.java-1.49.0-win32-x64\lombok\lombok-1.18.39-4050.jar c:\Users\shubh\.antigravity\extensions\redhat.java-1.49.0-win32-x64\server\plugins\org.eclipse.equinox.launcher_1.7.100.v20251111-0406.jar -configuration c:\Users\shubh\AppData\Roaming\Antigravity\User\globalStorage\redhat.java\1.49.0\config_ss_win -data c:\Users\shubh\AppData\Roaming\Antigravity\User\workspaceStorage\000d4f2edd2c995b9593a8bd40713a8a\redhat.java\ss_ws --pipe=\\.\pipe\lsp-5b0429f1222f05e5e0698a229189bfa2-sock

Host: 11th Gen Intel(R) Core(TM) i5-1135G7 @ 2.40GHz, 8 cores, 15G,  Windows 11 , 64 bit Build 26100 (10.0.26100.6725)
Time: Wed Nov 26 11:25:36 2025 India Standard Time elapsed time: 0.914540 seconds (0d 0h 0m 0s)

---------------  T H R E A D  ---------------

Current thread (0x000001260a90c2f0):  JavaThread "C2 CompilerThread0" daemon [_thread_in_native, id=11404, stack(0x0000000e71300000,0x0000000e71400000) (1024K)]


Current CompileTask:
C2:914  645       4       lombok.patcher.scripts.MethodLevelPatchScript::patch (21 bytes)

Stack: [0x0000000e71300000,0x0000000e71400000]
Native frames: (J=compiled Java code, j=interpreted, Vv=VM code, C=native code)
V  [jvm.dll+0x6d6e29]
V  [jvm.dll+0x8b4b76]
V  [jvm.dll+0x8b712e]
V  [jvm.dll+0x8b7813]
V  [jvm.dll+0x283d86]
V  [jvm.dll+0xc66ed]
V  [jvm.dll+0xc6c31]
V  [jvm.dll+0x2facee]
V  [jvm.dll+0x5fde44]
V  [jvm.dll+0x255557]
V  [jvm.dll+0x25591d]
V  [jvm.dll+0x24df40]
V  [jvm.dll+0x24b482]
V  [jvm.dll+0x1cb13e]
V  [jvm.dll+0x25b29d]
V  [jvm.dll+0x25982a]
V  [jvm.dll+0x3f7ea6]
V  [jvm.dll+0x85e9ad]
V  [jvm.dll+0x6d565d]
C  [ucrtbase.dll+0x37b0]
C  [KERNEL32.DLL+0x2e8d7]
C  [ntdll.dll+0x8c53c]


---------------  P R O C E S S  ---------------

Threads class SMR info:
_java_thread_list=0x000001266831e8c0, length=13, elements={
0x000001260a98dc10, 0x000001260a8ff180, 0x000001260a903660, 0x000001260a9071c0,
0x000001260a90a020, 0x000001260a90aa70, 0x000001260a90b4c0, 0x000001260a90c2f0,
0x0000012668018050, 0x0000012668220910, 0x000001266824fc70, 0x00000126682fed60,
0x000001266846ffa0
}

Java Threads: ( => current thread )
  0x000001260a98dc10 JavaThread "main"                              [_thread_in_vm, id=35592, stack(0x0000000e70900000,0x0000000e70a00000) (1024K)]
  0x000001260a8ff180 JavaThread "Reference Handler"          daemon [_thread_blocked, id=16348, stack(0x0000000e70d00000,0x0000000e70e00000) (1024K)]
  0x000001260a903660 JavaThread "Finalizer"                  daemon [_thread_blocked, id=31288, stack(0x0000000e70e00000,0x0000000e70f00000) (1024K)]
  0x000001260a9071c0 JavaThread "Signal Dispatcher"          daemon [_thread_blocked, id=34872, stack(0x0000000e70f00000,0x0000000e71000000) (1024K)]
  0x000001260a90a020 JavaThread "Attach Listener"            daemon [_thread_blocked, id=33408, stack(0x0000000e71000000,0x0000000e71100000) (1024K)]
  0x000001260a90aa70 JavaThread "Service Thread"             daemon [_thread_blocked, id=31020, stack(0x0000000e71100000,0x0000000e71200000) (1024K)]
  0x000001260a90b4c0 JavaThread "Monitor Deflation Thread"   daemon [_thread_blocked, id=34372, stack(0x0000000e71200000,0x0000000e71300000) (1024K)]
=>0x000001260a90c2f0 JavaThread "C2 CompilerThread0"         daemon [_thread_in_native, id=11404, stack(0x0000000e71300000,0x0000000e71400000) (1024K)]
  0x0000012668018050 JavaThread "C1 CompilerThread0"         daemon [_thread_blocked, id=13256, stack(0x0000000e71400000,0x0000000e71500000) (1024K)]
  0x0000012668220910 JavaThread "Common-Cleaner"             daemon [_thread_blocked, id=35568, stack(0x0000000e71500000,0x0000000e71600000) (1024K)]
  0x000001266824fc70 JavaThread "C2 CompilerThread1"         daemon [_thread_in_native, id=5428, stack(0x0000000e71600000,0x0000000e71700000) (1024K)]
  0x00000126682fed60 JavaThread "Notification Thread"        daemon [_thread_blocked, id=36140, stack(0x0000000e71700000,0x0000000e71800000) (1024K)]
  0x000001266846ffa0 JavaThread "C2 CompilerThread2"         daemon [_thread_in_native, id=20736, stack(0x0000000e71800000,0x0000000e71900000) (1024K)]
Total: 13

Other Threads:
  0x000001260a8e2170 VMThread "VM Thread"                           [id=25656, stack(0x0000000e70c00000,0x0000000e70d00000) (1024K)]
  0x000001260a9fa320 WatcherThread "VM Periodic Task Thread"        [id=17756, stack(0x0000000e70b00000,0x0000000e70c00000) (1024K)]
  0x000001260a9ad330 WorkerThread "GC Thread#0"                     [id=15412, stack(0x0000000e70a00000,0x0000000e70b00000) (1024K)]
Total: 3

Threads with active compile tasks:
C2 CompilerThread0  949  645       4       lombok.patcher.scripts.MethodLevelPatchScript::patch (21 bytes)
C2 CompilerThread1  949  673       4       lombok.patcher.PatchScript::classMatches (41 bytes)
C2 CompilerThread2  949  685       4       java.util.concurrent.ConcurrentHashMap::get (162 bytes)
Total: 3

VM state: not at safepoint (normal execution)

VM Mutex/Monitor currently owned by a thread:  ([mutex/lock_event])
[0x00007ffa8d2db4f0] Metaspace_lock - owner thread: 0x000001260a98dc10

Heap address: 0x0000000080000000, size: 2048 MB, Compressed Oops mode: 32-bit

CDS archive(s) mapped at: [0x0000012622000000-0x0000012622ba0000-0x0000012622ba0000), size 12189696, SharedBaseAddress: 0x0000012622000000, ArchiveRelocationMode: 1.
Compressed class space mapped at: 0x0000012623000000-0x0000012663000000, reserved size: 1073741824
Narrow klass base: 0x0000012622000000, Narrow klass shift: 0, Narrow klass range: 0x100000000

GC Precious Log:
 CardTable entry size: 512
 CPUs: 8 total, 8 available
 Memory: 16149M
 Large Page Support: Disabled
 NUMA Support: Disabled
 Compressed Oops: Enabled (32-bit)
 Alignments: Space 512K, Generation 512K, Heap 2M
 Heap Min Capacity: 100M
 Heap Initial Capacity: 100M
 Heap Max Capacity: 2G
 Pre-touch: Disabled
 Parallel Workers: 8

Heap:
 PSYoungGen      total 29696K, used 13860K [0x00000000d5580000, 0x00000000d7680000, 0x0000000100000000)
  eden space 25600K, 54% used [0x00000000d5580000,0x00000000d6309208,0x00000000d6e80000)
  from space 4096K, 0% used [0x00000000d7280000,0x00000000d7280000,0x00000000d7680000)
  to   space 4096K, 0% used [0x00000000d6e80000,0x00000000d6e80000,0x00000000d7280000)
 ParOldGen       total 68608K, used 0K [0x0000000080000000, 0x0000000084300000, 0x00000000d5580000)
  object space 68608K, 0% used [0x0000000080000000,0x0000000080000000,0x0000000084300000)
 Metaspace       used 2484K, committed 2688K, reserved 1114112K
  class space    used 253K, committed 384K, reserved 1048576K

Card table byte_map: [0x000001260a330000,0x000001260a740000] _byte_map_base: 0x0000012609f30000

Marking Bits: (ParMarkBitMap*) 0x00007ffa8d2e2460
 Begin Bits: [0x000001261ce40000, 0x000001261ee40000)
 End Bits:   [0x000001261ee40000, 0x0000012620e40000)

Polling page: 0x00000126087f0000

Metaspace:

Usage:
  Non-class:      2.18 MB used.
      Class:    253.51 KB used.
       Both:      2.43 MB used.

Virtual space:
  Non-class space:       64.00 MB reserved,       2.25 MB (  4%) committed,  1 nodes.
      Class space:        1.00 GB reserved,     384.00 KB ( <1%) committed,  1 nodes.
             Both:        1.06 GB reserved,       2.62 MB ( <1%) committed. 

Chunk freelists:
   Non-Class:  11.65 MB
       Class:  15.67 MB
        Both:  27.32 MB

MaxMetaspaceSize: unlimited
CompressedClassSpaceSize: 1.00 GB
Initial GC threshold: 21.00 MB
Current GC threshold: 21.00 MB
CDS: on
 - commit_granule_bytes: 65536.
 - commit_granule_words: 8192.
 - virtual_space_node_default_size: 8388608.
 - enlarge_chunks_in_place: 1.
 - use_allocation_guard: 0.


Internal statistics:

num_allocs_failed_limit: 0.
num_arena_births: 80.
num_arena_deaths: 0.
num_vsnodes_births: 2.
num_vsnodes_deaths: 0.
num_space_committed: 42.
num_space_uncommitted: 0.
num_chunks_returned_to_freelist: 0.
num_chunks_taken_from_freelist: 102.
num_chunk_merges: 0.
num_chunk_splits: 72.
num_chunks_enlarged: 46.
num_inconsistent_stats: 0.

CodeHeap 'non-profiled nmethods': size=120000Kb used=250Kb max_used=250Kb free=119749Kb
 bounds [0x0000012615660000, 0x00000126158d0000, 0x000001261cb90000]
CodeHeap 'profiled nmethods': size=120000Kb used=988Kb max_used=988Kb free=119011Kb
 bounds [0x000001260db90000, 0x000001260de00000, 0x00000126150c0000]
CodeHeap 'non-nmethods': size=5760Kb used=1188Kb max_used=1202Kb free=4571Kb
 bounds [0x00000126150c0000, 0x0000012615330000, 0x0000012615660000]
CodeCache: size=245760Kb, used=2426Kb, max_used=2440Kb, free=243331Kb
 total_blobs=1118, nmethods=682, adapters=343, full_count=0
Compilation: enabled, stopped_count=0, restarted_count=0

Compilation events (20 events):
Event: 0.873 Thread 0x0000012668018050 nmethod 671 0x000001260dc82f10 code [0x000001260dc83120, 0x000001260dc83638]
Event: 0.879 Thread 0x0000012668018050  672       3       sun.security.util.DerInputStream::available (10 bytes)
Event: 0.879 Thread 0x0000012668018050 nmethod 672 0x000001260dc83890 code [0x000001260dc83a20, 0x000001260dc83b30]
Event: 0.879 Thread 0x000001266824fc70  673       4       lombok.patcher.PatchScript::classMatches (41 bytes)
Event: 0.880 Thread 0x0000012668018050  674       3       java.util.jar.Manifest$FastInputStream::readLine (296 bytes)
Event: 0.881 Thread 0x0000012668018050 nmethod 674 0x000001260dc83b90 code [0x000001260dc83dc0, 0x000001260dc84628]
Event: 0.881 Thread 0x0000012668018050  675       3       java.util.LinkedHashMap::newNode (23 bytes)
Event: 0.881 Thread 0x0000012668018050 nmethod 675 0x000001260dc84990 code [0x000001260dc84b40, 0x000001260dc84d40]
Event: 0.881 Thread 0x0000012668018050  676       3       java.util.LinkedHashMap$Entry::<init> (10 bytes)
Event: 0.881 Thread 0x000001266846ffa0  677       4       java.util.Arrays::copyOfRange (25 bytes)
Event: 0.881 Thread 0x0000012668018050 nmethod 676 0x000001260dc84e90 code [0x000001260dc85040, 0x000001260dc85248]
Event: 0.881 Thread 0x0000012668018050  679       3       java.io.ByteArrayOutputStream::ensureCapacity (32 bytes)
Event: 0.882 Thread 0x0000012668018050 nmethod 679 0x000001260dc85390 code [0x000001260dc85560, 0x000001260dc858b8]
Event: 0.899 Thread 0x0000012668018050  678       3       java.util.Objects::checkFromIndexSize (8 bytes)
Event: 0.899 Thread 0x0000012668018050 nmethod 678 0x000001260dc85a10 code [0x000001260dc85bc0, 0x000001260dc85dc8]
Event: 0.904 Thread 0x000001266846ffa0 nmethod 677 0x000001261569da90 code [0x000001261569dc40, 0x000001261569e0d0]
Event: 0.907 Thread 0x0000012668018050  682       3       java.lang.Integer::rotateRight (9 bytes)
Event: 0.907 Thread 0x0000012668018050 nmethod 682 0x000001260dc85f10 code [0x000001260dc860a0, 0x000001260dc861a0]
Event: 0.907 Thread 0x0000012668018050  683       3       sun.invoke.util.Wrapper::forPrimitiveType (122 bytes)
Event: 0.908 Thread 0x0000012668018050 nmethod 683 0x000001260dc86210 code [0x000001260dc864e0, 0x000001260dc86fc0]

GC Heap History (0 events):
No events

Dll operation events (8 events):
Event: 0.026 Loaded shared library c:\Users\shubh\.antigravity\extensions\redhat.java-1.49.0-win32-x64\jre\21.0.9-win32-x86_64\bin\java.dll
Event: 0.267 Loaded shared library c:\Users\shubh\.antigravity\extensions\redhat.java-1.49.0-win32-x64\jre\21.0.9-win32-x86_64\bin\zip.dll
Event: 0.311 Loaded shared library C:\Users\shubh\.antigravity\extensions\redhat.java-1.49.0-win32-x64\jre\21.0.9-win32-x86_64\bin\instrument.dll
Event: 0.320 Loaded shared library C:\Users\shubh\.antigravity\extensions\redhat.java-1.49.0-win32-x64\jre\21.0.9-win32-x86_64\bin\net.dll
Event: 0.326 Loaded shared library C:\Users\shubh\.antigravity\extensions\redhat.java-1.49.0-win32-x64\jre\21.0.9-win32-x86_64\bin\nio.dll
Event: 0.330 Loaded shared library C:\Users\shubh\.antigravity\extensions\redhat.java-1.49.0-win32-x64\jre\21.0.9-win32-x86_64\bin\zip.dll
Event: 0.377 Loaded shared library C:\Users\shubh\.antigravity\extensions\redhat.java-1.49.0-win32-x64\jre\21.0.9-win32-x86_64\bin\jimage.dll
Event: 0.525 Loaded shared library c:\Users\shubh\.antigravity\extensions\redhat.java-1.49.0-win32-x64\jre\21.0.9-win32-x86_64\bin\verify.dll

Deoptimization events (20 events):
Event: 0.786 Thread 0x000001260a98dc10 Uncommon trap: trap_request=0xffffffde fr.pc=0x000001261569474c relative=0x000000000000012c
Event: 0.786 Thread 0x000001260a98dc10 Uncommon trap: reason=class_check action=maybe_recompile pc=0x000001261569474c method=jdk.internal.misc.Unsafe.allocateUninitializedArray(Ljava/lang/Class;I)Ljava/lang/Object; @ 51 c2
Event: 0.786 Thread 0x000001260a98dc10 DEOPT PACKING pc=0x000001261569474c sp=0x0000000e709fbe70
Event: 0.786 Thread 0x000001260a98dc10 DEOPT UNPACKING pc=0x0000012615116da2 sp=0x0000000e709fbde8 mode 2
Event: 0.786 Thread 0x000001260a98dc10 Uncommon trap: trap_request=0xffffffde fr.pc=0x000001261569474c relative=0x000000000000012c
Event: 0.786 Thread 0x000001260a98dc10 Uncommon trap: reason=class_check action=maybe_recompile pc=0x000001261569474c method=jdk.internal.misc.Unsafe.allocateUninitializedArray(Ljava/lang/Class;I)Ljava/lang/Object; @ 51 c2
Event: 0.786 Thread 0x000001260a98dc10 DEOPT PACKING pc=0x000001261569474c sp=0x0000000e709fbe70
Event: 0.786 Thread 0x000001260a98dc10 DEOPT UNPACKING pc=0x0000012615116da2 sp=0x0000000e709fbde8 mode 2
Event: 0.786 Thread 0x000001260a98dc10 Uncommon trap: trap_request=0xffffffde fr.pc=0x000001261569474c relative=0x000000000000012c
Event: 0.786 Thread 0x000001260a98dc10 Uncommon trap: reason=class_check action=maybe_recompile pc=0x000001261569474c method=jdk.internal.misc.Unsafe.allocateUninitializedArray(Ljava/lang/Class;I)Ljava/lang/Object; @ 51 c2
Event: 0.786 Thread 0x000001260a98dc10 DEOPT PACKING pc=0x000001261569474c sp=0x0000000e709fbeb0
Event: 0.786 Thread 0x000001260a98dc10 DEOPT UNPACKING pc=0x0000012615116da2 sp=0x0000000e709fbe28 mode 2
Event: 0.808 Thread 0x000001260a98dc10 Uncommon trap: trap_request=0xffffff45 fr.pc=0x000001261569246c relative=0x000000000000014c
Event: 0.808 Thread 0x000001260a98dc10 Uncommon trap: reason=unstable_if action=reinterpret pc=0x000001261569246c method=jdk.internal.util.ArraysSupport.vectorizedHashCode(Ljava/lang/Object;IIII)I @ 2 c2
Event: 0.808 Thread 0x000001260a98dc10 DEOPT PACKING pc=0x000001261569246c sp=0x0000000e709fce70
Event: 0.808 Thread 0x000001260a98dc10 DEOPT UNPACKING pc=0x0000012615116da2 sp=0x0000000e709fce20 mode 2
Event: 0.821 Thread 0x000001260a98dc10 Uncommon trap: trap_request=0xffffff45 fr.pc=0x0000012615681cf4 relative=0x00000000000000d4
Event: 0.821 Thread 0x000001260a98dc10 Uncommon trap: reason=unstable_if action=reinterpret pc=0x0000012615681cf4 method=java.net.URI.match(CJJ)Z @ 45 c2
Event: 0.821 Thread 0x000001260a98dc10 DEOPT PACKING pc=0x0000012615681cf4 sp=0x0000000e709fcff0
Event: 0.821 Thread 0x000001260a98dc10 DEOPT UNPACKING pc=0x0000012615116da2 sp=0x0000000e709fcf58 mode 2

Classes loaded (20 events):
Event: 0.905 Loading class sun/security/util/MessageDigestSpi2 done
Event: 0.905 Loading class java/security/MessageDigest$Delegate done
Event: 0.906 Loading class java/security/MessageDigest$Delegate$CloneableDelegate
Event: 0.906 Loading class java/security/MessageDigest$Delegate$CloneableDelegate done
Event: 0.906 Loading class sun/security/provider/ByteArrayAccess
Event: 0.906 Loading class sun/security/provider/ByteArrayAccess done
Event: 0.906 Loading class sun/security/provider/ByteArrayAccess$BE
Event: 0.906 Loading class sun/security/provider/ByteArrayAccess$BE done
Event: 0.907 Loading class sun/security/util/SignatureUtil
Event: 0.908 Loading class sun/security/util/SignatureUtil done
Event: 0.908 Loading class java/security/Signature
Event: 0.908 Loading class java/security/SignatureSpi
Event: 0.908 Loading class java/security/SignatureSpi done
Event: 0.908 Loading class java/security/Signature done
Event: 0.908 Loading class java/security/Signature$1
Event: 0.909 Loading class jdk/internal/access/JavaSecuritySignatureAccess
Event: 0.909 Loading class jdk/internal/access/JavaSecuritySignatureAccess done
Event: 0.909 Loading class java/security/Signature$1 done
Event: 0.909 Loading class sun/security/jca/ServiceId
Event: 0.909 Loading class sun/security/jca/ServiceId done

Classes unloaded (0 events):
No events

Classes redefined (0 events):
No events

Internal exceptions (12 events):
Event: 0.262 Thread 0x000001260a98dc10 Exception <a 'java/lang/NoSuchMethodError'{0x00000000d57a94d0}: 'void java.lang.invoke.DirectMethodHandle$Holder.invokeStatic(java.lang.Object, java.lang.Object, java.lang.Object)'> (0x00000000d57a94d0) 
thrown [s\src\hotspot\share\interpreter\linkResolver.cpp, line 773]
Event: 0.362 Thread 0x000001260a98dc10 Exception <a 'java/lang/NoSuchMethodError'{0x00000000d5912d50}: 'java.lang.Object java.lang.invoke.Invokers$Holder.invokeExact_MT(java.lang.Object, java.lang.Object, java.lang.Object, java.lang.Object, java.lang.Object)'> (0x00000000d5912d50) 
thrown [s\src\hotspot\share\interpreter\linkResolver.cpp, line 773]
Event: 0.442 Thread 0x000001260a98dc10 Exception <a 'java/lang/NoSuchMethodError'{0x00000000d59cc0d0}: 'int java.lang.invoke.DirectMethodHandle$Holder.invokeSpecial(java.lang.Object, java.lang.Object, java.lang.Object, int)'> (0x00000000d59cc0d0) 
thrown [s\src\hotspot\share\interpreter\linkResolver.cpp, line 773]
Event: 0.444 Thread 0x000001260a98dc10 Exception <a 'java/lang/NoSuchMethodError'{0x00000000d59deab8}: 'java.lang.Object java.lang.invoke.DirectMethodHandle$Holder.invokeStatic(java.lang.Object, java.lang.Object, java.lang.Object, java.lang.Object, int)'> (0x00000000d59deab8) 
thrown [s\src\hotspot\share\interpreter\linkResolver.cpp, line 773]
Event: 0.446 Thread 0x000001260a98dc10 Exception <a 'java/lang/NoSuchMethodError'{0x00000000d59e9ef8}: 'void java.lang.invoke.DelegatingMethodHandle$Holder.reinvoke_L(java.lang.Object, java.lang.Object, java.lang.Object, int, java.lang.Object)'> (0x00000000d59e9ef8) 
thrown [s\src\hotspot\share\interpreter\linkResolver.cpp, line 773]
Event: 0.449 Thread 0x000001260a98dc10 Exception <a 'java/lang/NoSuchMethodError'{0x00000000d59fa848}: 'int java.lang.invoke.DirectMethodHandle$Holder.invokeSpecial(java.lang.Object, java.lang.Object, java.lang.Object)'> (0x00000000d59fa848) 
thrown [s\src\hotspot\share\interpreter\linkResolver.cpp, line 773]
Event: 0.458 Thread 0x000001260a98dc10 Exception <a 'java/lang/NoSuchMethodError'{0x00000000d5a06508}: 'java.lang.Object java.lang.invoke.DirectMethodHandle$Holder.invokeStatic(java.lang.Object, java.lang.Object, int)'> (0x00000000d5a06508) 
thrown [s\src\hotspot\share\interpreter\linkResolver.cpp, line 773]
Event: 0.459 Thread 0x000001260a98dc10 Exception <a 'java/lang/NoSuchMethodError'{0x00000000d5a0ae58}: 'void java.lang.invoke.DirectMethodHandle$Holder.invokeStatic(java.lang.Object, java.lang.Object, int, java.lang.Object)'> (0x00000000d5a0ae58) 
thrown [s\src\hotspot\share\interpreter\linkResolver.cpp, line 773]
Event: 0.460 Thread 0x000001260a98dc10 Exception <a 'java/lang/NoSuchMethodError'{0x00000000d5a0e9e8}: 'void java.lang.invoke.DirectMethodHandle$Holder.invokeSpecial(java.lang.Object, java.lang.Object, java.lang.Object, int, java.lang.Object)'> (0x00000000d5a0e9e8) 
thrown [s\src\hotspot\share\interpreter\linkResolver.cpp, line 773]
Event: 0.460 Thread 0x000001260a98dc10 Exception <a 'java/lang/NoSuchMethodError'{0x00000000d5a120a8}: 'void java.lang.invoke.DelegatingMethodHandle$Holder.delegate(java.lang.Object, java.lang.Object, int, java.lang.Object)'> (0x00000000d5a120a8) 
thrown [s\src\hotspot\share\interpreter\linkResolver.cpp, line 773]
Event: 0.579 Thread 0x000001260a98dc10 Exception <a 'java/lang/NoSuchMethodError'{0x00000000d5bd2ee0}: 'void java.lang.invoke.DelegatingMethodHandle$Holder.reinvoke_L(java.lang.Object, java.lang.Object, java.lang.Object, int)'> (0x00000000d5bd2ee0) 
thrown [s\src\hotspot\share\interpreter\linkResolver.cpp, line 773]
Event: 0.793 Thread 0x000001260a98dc10 Exception <a 'java/lang/NoSuchMethodError'{0x00000000d60600b0}: 'void java.lang.invoke.DirectMethodHandle$Holder.invokeVirtual(java.lang.Object, java.lang.Object)'> (0x00000000d60600b0) 
thrown [s\src\hotspot\share\interpreter\linkResolver.cpp, line 773]

ZGC Phase Switch (0 events):
No events

VM Operations (4 events):
Event: 0.265 Executing VM operation: HandshakeAllThreads (Deoptimize)
Event: 0.265 Executing VM operation: HandshakeAllThreads (Deoptimize) done
Event: 0.404 Executing VM operation: HandshakeAllThreads (Deoptimize)
Event: 0.404 Executing VM operation: HandshakeAllThreads (Deoptimize) done

Memory protections (0 events):
No events

Nmethod flushes (0 events):
No events

Events (13 events):
Event: 0.077 Thread 0x000001260a98dc10 Thread added: 0x000001260a98dc10
Event: 0.203 Thread 0x000001260a98dc10 Thread added: 0x000001260a8ff180
Event: 0.203 Thread 0x000001260a98dc10 Thread added: 0x000001260a903660
Event: 0.204 Thread 0x000001260a98dc10 Thread added: 0x000001260a9071c0
Event: 0.204 Thread 0x000001260a98dc10 Thread added: 0x000001260a90a020
Event: 0.204 Thread 0x000001260a98dc10 Thread added: 0x000001260a90aa70
Event: 0.204 Thread 0x000001260a98dc10 Thread added: 0x000001260a90b4c0
Event: 0.214 Thread 0x000001260a98dc10 Thread added: 0x000001260a90c2f0
Event: 0.216 Thread 0x000001260a98dc10 Thread added: 0x0000012668018050
Event: 0.313 Thread 0x000001260a98dc10 Thread added: 0x0000012668220910
Event: 0.511 Thread 0x000001260a90c2f0 Thread added: 0x000001266824fc70
Event: 0.691 Thread 0x000001260a98dc10 Thread added: 0x00000126682fed60
Event: 0.855 Thread 0x0000012668018050 Thread added: 0x000001266846ffa0


Dynamic libraries:
0x00007ff6830b0000 - 0x00007ff6830be000 	c:\Users\shubh\.antigravity\extensions\redhat.java-1.49.0-win32-x64\jre\21.0.9-win32-x86_64\bin\java.exe
0x00007ffb05140000 - 0x00007ffb053a8000 	C:\WINDOWS\SYSTEM32\ntdll.dll
0x00007ffb03fc0000 - 0x00007ffb04089000 	C:\WINDOWS\System32\KERNEL32.DLL
0x00007ffb024f0000 - 0x00007ffb028e2000 	C:\WINDOWS\System32\KERNELBASE.dll
0x00007ffb02be0000 - 0x00007ffb02d2b000 	C:\WINDOWS\System32\ucrtbase.dll
0x00007ffaad940000 - 0x00007ffaad958000 	c:\Users\shubh\.antigravity\extensions\redhat.java-1.49.0-win32-x64\jre\21.0.9-win32-x86_64\bin\jli.dll
0x00007ffaad990000 - 0x00007ffaad9ae000 	c:\Users\shubh\.antigravity\extensions\redhat.java-1.49.0-win32-x64\jre\21.0.9-win32-x86_64\bin\VCRUNTIME140.dll
0x00007ffb045e0000 - 0x00007ffb047a5000 	C:\WINDOWS\System32\USER32.dll
0x00007ffb02bb0000 - 0x00007ffb02bd7000 	C:\WINDOWS\System32\win32u.dll
0x00007ffae6680000 - 0x00007ffae6913000 	C:\WINDOWS\WinSxS\amd64_microsoft.windows.common-controls_6595b64144ccf1df_6.0.26100.6725_none_3e085828e334708b\COMCTL32.dll
0x00007ffb02fd0000 - 0x00007ffb02ffb000 	C:\WINDOWS\System32\GDI32.dll
0x00007ffb05050000 - 0x00007ffb050f9000 	C:\WINDOWS\System32\msvcrt.dll
0x00007ffb02de0000 - 0x00007ffb02f0d000 	C:\WINDOWS\System32\gdi32full.dll
0x00007ffb02d30000 - 0x00007ffb02dd3000 	C:\WINDOWS\System32\msvcp_win.dll
0x00007ffb03f80000 - 0x00007ffb03faf000 	C:\WINDOWS\System32\IMM32.DLL
0x00007ffad2c70000 - 0x00007ffad2c7c000 	c:\Users\shubh\.antigravity\extensions\redhat.java-1.49.0-win32-x64\jre\21.0.9-win32-x86_64\bin\vcruntime140_1.dll
0x00007ffa8d3c0000 - 0x00007ffa8d44d000 	c:\Users\shubh\.antigravity\extensions\redhat.java-1.49.0-win32-x64\jre\21.0.9-win32-x86_64\bin\msvcp140.dll
0x00007ffa8c620000 - 0x00007ffa8d3c0000 	c:\Users\shubh\.antigravity\extensions\redhat.java-1.49.0-win32-x64\jre\21.0.9-win32-x86_64\bin\server\jvm.dll
0x00007ffb02f10000 - 0x00007ffb02fc4000 	C:\WINDOWS\System32\ADVAPI32.dll
0x00007ffb03550000 - 0x00007ffb035f6000 	C:\WINDOWS\System32\sechost.dll
0x00007ffb043c0000 - 0x00007ffb044d8000 	C:\WINDOWS\System32\RPCRT4.dll
0x00007ffb042f0000 - 0x00007ffb04364000 	C:\WINDOWS\System32\WS2_32.dll
0x00007ffb02130000 - 0x00007ffb0218e000 	C:\WINDOWS\SYSTEM32\POWRPROF.dll
0x00007ffaf78b0000 - 0x00007ffaf78e5000 	C:\WINDOWS\SYSTEM32\WINMM.dll
0x00007ffaf0b80000 - 0x00007ffaf0b8b000 	C:\WINDOWS\SYSTEM32\VERSION.dll
0x00007ffb02110000 - 0x00007ffb02124000 	C:\WINDOWS\SYSTEM32\UMPDC.dll
0x00007ffb010a0000 - 0x00007ffb010bb000 	C:\WINDOWS\SYSTEM32\kernel.appcore.dll
0x00007ffad2470000 - 0x00007ffad247a000 	c:\Users\shubh\.antigravity\extensions\redhat.java-1.49.0-win32-x64\jre\21.0.9-win32-x86_64\bin\jimage.dll
0x00007ffaffba0000 - 0x00007ffaffde2000 	C:\WINDOWS\SYSTEM32\DBGHELP.DLL
0x00007ffb047b0000 - 0x00007ffb04b2b000 	C:\WINDOWS\System32\combase.dll
0x00007ffb04f60000 - 0x00007ffb05037000 	C:\WINDOWS\System32\OLEAUT32.dll
0x00007ffadaec0000 - 0x00007ffadaefc000 	C:\WINDOWS\SYSTEM32\dbgcore.DLL
0x00007ffb02450000 - 0x00007ffb024e8000 	C:\WINDOWS\System32\bcryptPrimitives.dll
0x00007ffad1ff0000 - 0x00007ffad1fff000 	c:\Users\shubh\.antigravity\extensions\redhat.java-1.49.0-win32-x64\jre\21.0.9-win32-x86_64\bin\instrument.dll
0x00007ffaad870000 - 0x00007ffaad890000 	c:\Users\shubh\.antigravity\extensions\redhat.java-1.49.0-win32-x64\jre\21.0.9-win32-x86_64\bin\java.dll
0x00007ffb03830000 - 0x00007ffb03f7c000 	C:\WINDOWS\System32\SHELL32.dll
0x00007ffb029b0000 - 0x00007ffb02b1b000 	C:\WINDOWS\System32\wintypes.dll
0x00007ffaffef0000 - 0x00007ffb0074d000 	C:\WINDOWS\SYSTEM32\windows.storage.dll
0x00007ffb044e0000 - 0x00007ffb045d2000 	C:\WINDOWS\System32\SHCORE.dll
0x00007ffb04b70000 - 0x00007ffb04bd2000 	C:\WINDOWS\System32\shlwapi.dll
0x00007ffb021f0000 - 0x00007ffb02219000 	C:\WINDOWS\SYSTEM32\profapi.dll
0x00007ffaabd10000 - 0x00007ffaabd28000 	c:\Users\shubh\.antigravity\extensions\redhat.java-1.49.0-win32-x64\jre\21.0.9-win32-x86_64\bin\zip.dll
0x00007ffad2070000 - 0x00007ffad2080000 	C:\Users\shubh\.antigravity\extensions\redhat.java-1.49.0-win32-x64\jre\21.0.9-win32-x86_64\bin\net.dll
0x00007ffaf2280000 - 0x00007ffaf239f000 	C:\WINDOWS\SYSTEM32\WINHTTP.dll
0x00007ffb01610000 - 0x00007ffb0167b000 	C:\WINDOWS\system32\mswsock.dll
0x00007ffaaca10000 - 0x00007ffaaca26000 	C:\Users\shubh\.antigravity\extensions\redhat.java-1.49.0-win32-x64\jre\21.0.9-win32-x86_64\bin\nio.dll
0x00007ffad1d80000 - 0x00007ffad1d90000 	c:\Users\shubh\.antigravity\extensions\redhat.java-1.49.0-win32-x64\jre\21.0.9-win32-x86_64\bin\verify.dll

JVMTI agents:
c:\Users\shubh\.antigravity\extensions\redhat.java-1.49.0-win32-x64\lombok\lombok-1.18.39-4050.jar path:c:\Users\shubh\.antigravity\extensions\redhat.java-1.49.0-win32-x64\jre\21.0.9-win32-x86_64\bin\instrument.dll, loaded, initialized, instrumentlib options:none

dbghelp: loaded successfully - version: 4.0.5 - missing functions: none
symbol engine: initialized successfully - sym options: 0x614 - pdb path: .;c:\Users\shubh\.antigravity\extensions\redhat.java-1.49.0-win32-x64\jre\21.0.9-win32-x86_64\bin;C:\WINDOWS\SYSTEM32;C:\WINDOWS\WinSxS\amd64_microsoft.windows.common-controls_6595b64144ccf1df_6.0.26100.6725_none_3e085828e334708b;c:\Users\shubh\.antigravity\extensions\redhat.java-1.49.0-win32-x64\jre\21.0.9-win32-x86_64\bin\server

VM Arguments:
jvm_args: --add-modules=ALL-SYSTEM --add-opens=java.base/java.util=ALL-UNNAMED --add-opens=java.base/java.lang=ALL-UNNAMED --add-opens=java.base/sun.nio.fs=ALL-UNNAMED -Declipse.application=org.eclipse.jdt.ls.core.id1 -Dosgi.bundles.defaultStartLevel=4 -Declipse.product=org.eclipse.jdt.ls.core.product -Djava.import.generatesMetadataFilesAtProjectRoot=false -DDetectVMInstallationsJob.disabled=true -Dfile.encoding=utf8 -XX:+UseParallelGC -XX:GCTimeRatio=4 -XX:AdaptiveSizePolicyWeight=90 -Dsun.zip.disableMemoryMapping=true -Xmx2G -Xms100m -Xlog:disable -javaagent:c:\Users\shubh\.antigravity\extensions\redhat.java-1.49.0-win32-x64\lombok\lombok-1.18.39-4050.jar 
java_command: c:\Users\shubh\.antigravity\extensions\redhat.java-1.49.0-win32-x64\server\plugins\org.eclipse.equinox.launcher_1.7.100.v20251111-0406.jar -configuration c:\Users\shubh\AppData\Roaming\Antigravity\User\globalStorage\redhat.java\1.49.0\config_ss_win -data c:\Users\shubh\AppData\Roaming\Antigravity\User\workspaceStorage\000d4f2edd2c995b9593a8bd40713a8a\redhat.java\ss_ws --pipe=\\.\pipe\lsp-5b0429f1222f05e5e0698a229189bfa2-sock
java_class_path (initial): c:\Users\shubh\.antigravity\extensions\redhat.java-1.49.0-win32-x64\server\plugins\org.eclipse.equinox.launcher_1.7.100.v20251111-0406.jar
Launcher Type: SUN_STANDARD

[Global flags]
    uintx AdaptiveSizePolicyWeight                 = 90                                        {product} {command line}
     intx CICompilerCount                          = 4                                         {product} {ergonomic}
    uintx GCTimeRatio                              = 4                                         {product} {command line}
   size_t InitialHeapSize                          = 104857600                                 {product} {command line}
   size_t MaxHeapSize                              = 2147483648                                {product} {command line}
   size_t MaxNewSize                               = 715653120                                 {product} {ergonomic}
   size_t MinHeapDeltaBytes                        = 524288                                    {product} {ergonomic}
   size_t MinHeapSize                              = 104857600                                 {product} {command line}
   size_t NewSize                                  = 34603008                                  {product} {ergonomic}
    uintx NonNMethodCodeHeapSize                   = 5839372                                {pd product} {ergonomic}
    uintx NonProfiledCodeHeapSize                  = 122909434                              {pd product} {ergonomic}
   size_t OldSize                                  = 70254592                                  {product} {ergonomic}
    uintx ProfiledCodeHeapSize                     = 122909434                              {pd product} {ergonomic}
    uintx ReservedCodeCacheSize                    = 251658240                              {pd product} {ergonomic}
     bool SegmentedCodeCache                       = true                                      {product} {ergonomic}
   size_t SoftMaxHeapSize                          = 2147483648                             {manageable} {ergonomic}
     bool UseCompressedOops                        = true                           {product lp64_product} {ergonomic}
     bool UseLargePagesIndividualAllocation        = false                                  {pd product} {ergonomic}
     bool UseParallelGC                            = true                                      {product} {command line}

Logging:
Log output configuration:
 #0: stdout all=off uptime,level,tags foldmultilines=false
 #1: stderr all=off uptime,level,tags foldmultilines=false

Release file:
JAVA_VERSION="21.0.9" 
MODULES="java.base java.compiler java.datatransfer java.xml java.prefs java.desktop java.instrument java.logging java.management java.security.sasl java.naming java.rmi java.management.rmi java.net.http java.scripting java.security.jgss java.transaction.xa java.sql java.sql.rowset java.xml.crypto java.se java.smartcardio jdk.accessibility jdk.internal.jvmstat jdk.attach jdk.charsets jdk.internal.opt jdk.zipfs jdk.compiler jdk.crypto.ec jdk.crypto.cryptoki jdk.crypto.mscapi jdk.dynalink jdk.internal.ed jdk.editpad jdk.hotspot.agent jdk.httpserver jdk.internal.le jdk.internal.vm.ci jdk.internal.vm.compiler jdk.internal.vm.compiler.management jdk.jartool jdk.javadoc jdk.jcmd jdk.management jdk.management.agent jdk.jconsole jdk.jdeps jdk.jdwp.agent jdk.jdi jdk.jfr jdk.jshell jdk.jsobject jdk.jstatd jdk.localedata jdk.management.jfr jdk.naming.dns jdk.naming.rmi jdk.net jdk.nio.mapmode jdk.random jdk.sctp jdk.security.auth jdk.security.jgss jdk.unsupported jdk.unsupported.desktop jdk.xml.dom" 

Environment Variables:
JAVA_HOME=C:\Program Files\Java\jdk-18.0.1
PATH=C:\Python314\Scripts\;C:\Python314\;C:\Python310\Scripts\;C:\Python310\;C:\Program Files\Common Files\Oracle\Java\javapath;C:\Program Files (x86)\Common Files\Oracle\Java\java8path;C:\Program Files (x86)\Common Files\Oracle\Java\javapath;C:\windows\system32;C:\windows;C:\windows\System32\Wbem;C:\windows\System32\WindowsPowerShell\v1.0\;C:\windows\System32\OpenSSH\;C:\Program Files (x86)\NVIDIA Corporation\PhysX\Common;C:\Program Files\NVIDIA Corporation\NVIDIA NvDLISR;C:\TDM-GCC-32\bin;c:\TDM-GCC-32\bin;C:\MinGW\bin;C:\Program Files\Microsoft SQL Server\Client SDK\ODBC\170\Tools\Binn\;C:\Program Files (x86)\Microsoft SQL Server\150\Tools\Binn\;C:\Program Files\Microsoft SQL Server\150\Tools\Binn\;C:\Program Files\Microsoft SQL Server\150\DTS\Binn\;C:\Program Files\Azure Data Studio\bin;C:\Program Files\Java\jdk-18.0.1\BIN;C:\Program Files\Java\jdk-18\bin;C:\Program Files\Java\jdk-18.0.1\bin;C:\Program Files\nodejs;C:\ProgramData\chocolatey\bin;C:\WINDOWS\system32;C:\WINDOWS;C:\WINDOWS\System32\Wbem;C:\WINDOWS\System32\WindowsPowerShell\v1.0\;C:\WINDOWS\System32\OpenSSH\;C:\Program Files\Git\cmd;C:\Program Files\nodejs\;C:\ProgramData\chocolatey\lib\maven\apache-maven-3.9.11\bin;C:\Program Files\Java\jdk1.8.0_202\bin;C:\Users\shubh\.dotnet\tools;C:\Program Files\nodejs;C:\Users\shubh\AppData\Local\Programs\Microsoft VS Code\bin;C:\Users\shubh\AppData\Local\Microsoft\WindowsApps;C:\ProgramData\shubh\atom\bin;C:\Users\shubh\AppData\Local\Microsoft\WindowsApps;C:\Users\shubh\AppData\Local\Programs\cursor\resources\app\bin;C:\Users\shubh\AppData\Roaming\npm;C:\Users\shubh\AppData\Local\Programs\Antigravity\bin
USERNAME=shubh
OS=Windows_NT
PROCESSOR_IDENTIFIER=Intel64 Family 6 Model 140 Stepping 1, GenuineIntel
TMP=C:\Users\shubh\AppData\Local\Temp
TEMP=C:\Users\shubh\AppData\Local\Temp




Periodic native trim disabled

---------------  S Y S T E M  ---------------

OS:
 Windows 11 , 64 bit Build 26100 (10.0.26100.6725)
OS uptime: 6 days 22:25 hours
Hyper-V role detected

CPU: total 8 (initial active 8) (4 cores per cpu, 2 threads per core) family 6 model 140 stepping 1 microcode 0x9a, cx8, cmov, fxsr, ht, mmx, 3dnowpref, sse, sse2, sse3, ssse3, sse4.1, sse4.2, popcnt, lzcnt, tsc, tscinvbit, avx, avx2, aes, erms, clmul, bmi1, bmi2, adx, avx512f, avx512dq, avx512cd, avx512bw, avx512vl, sha, fma, vzeroupper, avx512_vpopcntdq, avx512_vpclmulqdq, avx512_vaes, avx512_vnni, clflush, clflushopt, clwb, avx512_vbmi2, avx512_vbmi, hv, rdtscp, rdpid, fsrm, gfni, avx512_bitalg, f16c, cet_ibt, cet_ss, avx512_ifma
Processor Information for the first 8 processors :
  Max Mhz: 2419, Current Mhz: 2419, Mhz Limit: 2419

Memory: 4k page, system-wide physical 16149M (2107M free)
TotalPageFile size 24661M (AvailPageFile size 1M)
current process WorkingSet (physical memory assigned to process): 59M, peak: 59M
current process commit charge ("private bytes"): 229M, peak: 229M

vm_info: OpenJDK 64-Bit Server VM (21.0.9+10-LTS) for windows-amd64 JRE (21.0.9+10-LTS), built on 2025-10-21T00:00:00Z by "admin" with unknown MS VC++:1942

END.
